<?xml version="1.0" encoding="UTF-8"?>
<testsuites>
  <testsuite name="" tests="9" assertions="16" errors="0" warnings="0" failures="0" skipped="0" time="0.018190">
    <testsuite name="Combinations" tests="9" assertions="16" errors="0" warnings="0" failures="0" skipped="0" time="0.018190">
      <testsuite name="edfa3ly\Challenge\tests\unit\CurrencyTest" file="C:\wamp64\www\Edaf3ly\tests\unit\CurrencyTest.php" tests="5" assertions="10" errors="0" warnings="0" failures="0" skipped="0" time="0.012160">
        <testcase name="test_currency_facory" class="edfa3ly\Challenge\tests\unit\CurrencyTest" classname="edfa3ly.Challenge.tests.unit.CurrencyTest" file="C:\wamp64\www\Edaf3ly\tests\unit\CurrencyTest.php" line="15" assertions="2" time="0.008174"/>
        <testcase name="test_get_right_symbol" class="edfa3ly\Challenge\tests\unit\CurrencyTest" classname="edfa3ly.Challenge.tests.unit.CurrencyTest" file="C:\wamp64\www\Edaf3ly\tests\unit\CurrencyTest.php" line="23" assertions="2" time="0.001106"/>
        <testcase name="test_format_price_within_currency" class="edfa3ly\Challenge\tests\unit\CurrencyTest" classname="edfa3ly.Challenge.tests.unit.CurrencyTest" file="C:\wamp64\www\Edaf3ly\tests\unit\CurrencyTest.php" line="32" assertions="2" time="0.000782"/>
        <testcase name="test_get_exchange_rate_per_currency" class="edfa3ly\Challenge\tests\unit\CurrencyTest" classname="edfa3ly.Challenge.tests.unit.CurrencyTest" file="C:\wamp64\www\Edaf3ly\tests\unit\CurrencyTest.php" line="42" assertions="1" time="0.000670"/>
        <testcase name="test_convert_price_due_to_local_price" class="edfa3ly\Challenge\tests\unit\CurrencyTest" classname="edfa3ly.Challenge.tests.unit.CurrencyTest" file="C:\wamp64\www\Edaf3ly\tests\unit\CurrencyTest.php" line="51" assertions="3" time="0.001428"/>
      </testsuite>
      <testsuite name="unit\Products\MapperTest" file="C:\wamp64\www\Edaf3ly\tests\unit\MapperTest.php" tests="4" assertions="6" errors="0" warnings="0" failures="0" skipped="0" time="0.006030">
        <testcase name="test_get_class_from_product_name" class="unit\Products\MapperTest" classname="unit.Products.MapperTest" file="C:\wamp64\www\Edaf3ly\tests\unit\MapperTest.php" line="18" assertions="1" time="0.001870"/>
        <testcase name="test_map_products" class="unit\Products\MapperTest" classname="unit.Products.MapperTest" file="C:\wamp64\www\Edaf3ly\tests\unit\MapperTest.php" line="23" assertions="3" time="0.001687"/>
        <testcase name="test_not_found_product" class="unit\Products\MapperTest" classname="unit.Products.MapperTest" file="C:\wamp64\www\Edaf3ly\tests\unit\MapperTest.php" line="33" assertions="1" time="0.001760"/>
        <testcase name="test_no_porduct_found_in_products_item" class="unit\Products\MapperTest" classname="unit.Products.MapperTest" file="C:\wamp64\www\Edaf3ly\tests\unit\MapperTest.php" line="39" assertions="1" time="0.000714"/>
      </testsuite>
    </testsuite>
  </testsuite>
</testsuites>
